<?xml version="1.0" encoding="UTF-8"?>
<testng-results skipped="6" failed="0" total="6" passed="0">
  <reporter-output>
  </reporter-output>
  <suite name="Default suite" duration-ms="605" started-at="2018-05-14T19:21:18Z" finished-at="2018-05-14T19:21:18Z">
    <groups>
    </groups>
    <test name="Default test" duration-ms="605" started-at="2018-05-14T19:21:18Z" finished-at="2018-05-14T19:21:18Z">
      <class name="testscripts.UserSignUp">
        <test-method status="SKIP" signature="setUp()[pri:0, instance:testscripts.UserSignUp@77caeb3e]" name="setUp" is-config="true" duration-ms="0" started-at="2018-05-14T12:21:18Z" finished-at="2018-05-14T12:21:18Z">
          <reporter-output>
          </reporter-output>
        </test-method> <!-- setUp -->
        <test-method status="SKIP" signature="signUp()[pri:0, instance:testscripts.UserSignUp@77caeb3e]" name="signUp" duration-ms="1" started-at="2018-05-14T12:21:18Z" finished-at="2018-05-14T12:21:18Z">
          <reporter-output>
          </reporter-output>
        </test-method> <!-- signUp -->
      </class> <!-- testscripts.UserSignUp -->
      <class name="testscripts.RegisterNewUser">
        <test-method status="SKIP" signature="setUp()[pri:0, instance:testscripts.RegisterNewUser@42d80b78]" name="setUp" is-config="true" duration-ms="0" started-at="2018-05-14T12:21:18Z" finished-at="2018-05-14T12:21:18Z">
          <reporter-output>
          </reporter-output>
        </test-method> <!-- setUp -->
        <test-method status="SKIP" signature="registerSingleUser()[pri:0, instance:testscripts.RegisterNewUser@42d80b78]" name="registerSingleUser" duration-ms="0" started-at="2018-05-14T12:21:18Z" finished-at="2018-05-14T12:21:18Z">
          <reporter-output>
          </reporter-output>
        </test-method> <!-- registerSingleUser -->
        <test-method status="SKIP" signature="registerUser(java.lang.String, java.lang.String, java.lang.String, java.lang.String, java.lang.String, java.lang.String, java.lang.String, java.lang.String, java.lang.String, java.lang.String, java.lang.String, java.lang.String, java.lang.String, java.lang.String, java.lang.String, java.lang.String, java.lang.String)[pri:0, instance:testscripts.RegisterNewUser@42d80b78]" name="registerUser" duration-ms="2" started-at="2018-05-14T12:21:18Z" data-provider="RawData" finished-at="2018-05-14T12:21:18Z">
          <params>
            <param index="0">
              <value>
                <![CDATA[F]]>
              </value>
            </param>
            <param index="1">
              <value>
                <![CDATA[A]]>
              </value>
            </param>
            <param index="2">
              <value>
                <![CDATA[AB]]>
              </value>
            </param>
            <param index="3">
              <value>
                <![CDATA[1]]>
              </value>
            </param>
            <param index="4">
              <value>
                <![CDATA[1]]>
              </value>
            </param>
            <param index="5">
              <value>
                <![CDATA[1990]]>
              </value>
            </param>
            <param index="6">
              <value>
                <![CDATA[A1111A11@yahoo.com]]>
              </value>
            </param>
            <param index="7">
              <value>
                <![CDATA[111]]>
              </value>
            </param>
            <param index="8">
              <value>
                <![CDATA[111]]>
              </value>
            </param>
            <param index="9">
              <value>
                <![CDATA[Fremont]]>
              </value>
            </param>
            <param index="10">
              <value>
                <![CDATA[Al]]>
              </value>
            </param>
            <param index="11">
              <value>
                <![CDATA[US]]>
              </value>
            </param>
            <param index="12">
              <value>
                <![CDATA[12345]]>
              </value>
            </param>
            <param index="13">
              <value>
                <![CDATA[1111111]]>
              </value>
            </param>
            <param index="14">
              <value>
                <![CDATA[111111]]>
              </value>
            </param>
            <param index="15">
              <value>
                <![CDATA[abc]]>
              </value>
            </param>
            <param index="16">
              <value>
                <![CDATA[abc]]>
              </value>
            </param>
          </params>
          <reporter-output>
          </reporter-output>
        </test-method> <!-- registerUser -->
        <test-method status="SKIP" signature="registerUser(java.lang.String, java.lang.String, java.lang.String, java.lang.String, java.lang.String, java.lang.String, java.lang.String, java.lang.String, java.lang.String, java.lang.String, java.lang.String, java.lang.String, java.lang.String, java.lang.String, java.lang.String, java.lang.String, java.lang.String)[pri:0, instance:testscripts.RegisterNewUser@42d80b78]" name="registerUser" duration-ms="0" started-at="2018-05-14T12:21:18Z" data-provider="RawData" finished-at="2018-05-14T12:21:18Z">
          <params>
            <param index="0">
              <value>
                <![CDATA[M]]>
              </value>
            </param>
            <param index="1">
              <value>
                <![CDATA[B]]>
              </value>
            </param>
            <param index="2">
              <value>
                <![CDATA[BC]]>
              </value>
            </param>
            <param index="3">
              <value>
                <![CDATA[2]]>
              </value>
            </param>
            <param index="4">
              <value>
                <![CDATA[2]]>
              </value>
            </param>
            <param index="5">
              <value>
                <![CDATA[1990]]>
              </value>
            </param>
            <param index="6">
              <value>
                <![CDATA[A1121A11@yahoo.com]]>
              </value>
            </param>
            <param index="7">
              <value>
                <![CDATA[222]]>
              </value>
            </param>
            <param index="8">
              <value>
                <![CDATA[222]]>
              </value>
            </param>
            <param index="9">
              <value>
                <![CDATA[Fremont]]>
              </value>
            </param>
            <param index="10">
              <value>
                <![CDATA[Al]]>
              </value>
            </param>
            <param index="11">
              <value>
                <![CDATA[US]]>
              </value>
            </param>
            <param index="12">
              <value>
                <![CDATA[12345]]>
              </value>
            </param>
            <param index="13">
              <value>
                <![CDATA[1111111]]>
              </value>
            </param>
            <param index="14">
              <value>
                <![CDATA[111111]]>
              </value>
            </param>
            <param index="15">
              <value>
                <![CDATA[bbb]]>
              </value>
            </param>
            <param index="16">
              <value>
                <![CDATA[bbb]]>
              </value>
            </param>
          </params>
          <reporter-output>
          </reporter-output>
        </test-method> <!-- registerUser -->
        <test-method status="SKIP" signature="registerUser(java.lang.String, java.lang.String, java.lang.String, java.lang.String, java.lang.String, java.lang.String, java.lang.String, java.lang.String, java.lang.String, java.lang.String, java.lang.String, java.lang.String, java.lang.String, java.lang.String, java.lang.String, java.lang.String, java.lang.String)[pri:0, instance:testscripts.RegisterNewUser@42d80b78]" name="registerUser" duration-ms="2" started-at="2018-05-14T12:21:18Z" data-provider="RawData" finished-at="2018-05-14T12:21:18Z">
          <params>
            <param index="0">
              <value>
                <![CDATA[F]]>
              </value>
            </param>
            <param index="1">
              <value>
                <![CDATA[C]]>
              </value>
            </param>
            <param index="2">
              <value>
                <![CDATA[CD]]>
              </value>
            </param>
            <param index="3">
              <value>
                <![CDATA[3]]>
              </value>
            </param>
            <param index="4">
              <value>
                <![CDATA[3]]>
              </value>
            </param>
            <param index="5">
              <value>
                <![CDATA[1990]]>
              </value>
            </param>
            <param index="6">
              <value>
                <![CDATA[A1131A11@yahoo.com]]>
              </value>
            </param>
            <param index="7">
              <value>
                <![CDATA[333]]>
              </value>
            </param>
            <param index="8">
              <value>
                <![CDATA[333]]>
              </value>
            </param>
            <param index="9">
              <value>
                <![CDATA[Fremont]]>
              </value>
            </param>
            <param index="10">
              <value>
                <![CDATA[Al]]>
              </value>
            </param>
            <param index="11">
              <value>
                <![CDATA[US]]>
              </value>
            </param>
            <param index="12">
              <value>
                <![CDATA[12345]]>
              </value>
            </param>
            <param index="13">
              <value>
                <![CDATA[1111111]]>
              </value>
            </param>
            <param index="14">
              <value>
                <![CDATA[111111]]>
              </value>
            </param>
            <param index="15">
              <value>
                <![CDATA[ccc]]>
              </value>
            </param>
            <param index="16">
              <value>
                <![CDATA[ccc]]>
              </value>
            </param>
          </params>
          <reporter-output>
          </reporter-output>
        </test-method> <!-- registerUser -->
      </class> <!-- testscripts.RegisterNewUser -->
      <class name="testscripts.PurchaseComputer">
        <test-method status="FAIL" signature="setup(java.lang.String)[pri:0, instance:testscripts.PurchaseComputer@1e88b3c]" name="setup" is-config="true" duration-ms="0" started-at="2018-05-14T12:21:18Z" finished-at="2018-05-14T12:21:18Z">
          <exception class="org.testng.TestNGException">
            <message>
              <![CDATA[
Parameter 'browser' is required by @Configuration on method setup but has not been marked @Optional or defined
in C:\Users\nitu\AppData\Local\Temp\testng-eclipse--357330964\testng-customsuite.xml]]>
            </message>
            <full-stacktrace>
              <![CDATA[org.testng.TestNGException: 
Parameter 'browser' is required by @Configuration on method setup but has not been marked @Optional or defined
in C:\Users\nitu\AppData\Local\Temp\testng-eclipse--357330964\testng-customsuite.xml
	at org.testng.internal.Parameters.createParameters(Parameters.java:165)
	at org.testng.internal.Parameters.createParameters(Parameters.java:372)
	at org.testng.internal.Parameters.createConfigurationParameters(Parameters.java:90)
	at org.testng.internal.Invoker.invokeConfigurations(Invoker.java:199)
	at org.testng.internal.Invoker.invokeConfigurations(Invoker.java:140)
	at org.testng.TestRunner.beforeRun(TestRunner.java:645)
	at org.testng.TestRunner.run(TestRunner.java:613)
	at org.testng.SuiteRunner.runTest(SuiteRunner.java:357)
	at org.testng.SuiteRunner.runSequentially(SuiteRunner.java:352)
	at org.testng.SuiteRunner.privateRun(SuiteRunner.java:310)
	at org.testng.SuiteRunner.run(SuiteRunner.java:259)
	at org.testng.SuiteRunnerWorker.runSuite(SuiteRunnerWorker.java:52)
	at org.testng.SuiteRunnerWorker.run(SuiteRunnerWorker.java:86)
	at org.testng.TestNG.runSuitesSequentially(TestNG.java:1199)
	at org.testng.TestNG.runSuitesLocally(TestNG.java:1124)
	at org.testng.TestNG.run(TestNG.java:1032)
	at org.testng.remote.AbstractRemoteTestNG.run(AbstractRemoteTestNG.java:132)
	at org.testng.remote.RemoteTestNG.initAndRun(RemoteTestNG.java:230)
	at org.testng.remote.RemoteTestNG.main(RemoteTestNG.java:76)
]]>
            </full-stacktrace>
          </exception> <!-- org.testng.TestNGException -->
          <reporter-output>
          </reporter-output>
        </test-method> <!-- setup -->
        <test-method status="SKIP" signature="setup(java.lang.String)[pri:0, instance:testscripts.ShoppingSite@27efef64]" name="setup" is-config="true" duration-ms="0" started-at="2018-05-14T12:21:18Z" finished-at="2018-05-14T12:21:18Z">
          <reporter-output>
          </reporter-output>
        </test-method> <!-- setup -->
        <test-method status="SKIP" signature="purchase()[pri:0, instance:testscripts.PurchaseComputer@1e88b3c]" name="purchase" duration-ms="5" started-at="2018-05-14T12:21:18Z" finished-at="2018-05-14T12:21:18Z">
          <reporter-output>
          </reporter-output>
        </test-method> <!-- purchase -->
        <test-method status="SKIP" signature="cleanUp()[pri:0, instance:testscripts.PurchaseComputer@1e88b3c]" name="cleanUp" is-config="true" duration-ms="0" started-at="2018-05-14T12:21:18Z" finished-at="2018-05-14T12:21:18Z">
          <reporter-output>
          </reporter-output>
        </test-method> <!-- cleanUp -->
      </class> <!-- testscripts.PurchaseComputer -->
      <class name="testscripts.ShoppingSite">
        <test-method status="SKIP" signature="cleanUp()[pri:0, instance:testscripts.ShoppingSite@27efef64]" name="cleanUp" is-config="true" duration-ms="0" started-at="2018-05-14T12:21:18Z" finished-at="2018-05-14T12:21:18Z">
          <reporter-output>
          </reporter-output>
        </test-method> <!-- cleanUp -->
      </class> <!-- testscripts.ShoppingSite -->
    </test> <!-- Default test -->
  </suite> <!-- Default suite -->
</testng-results>
